2022-04-17 22:09:50,365 [Worker-2: Loading available Gradle versions] INFO  o.e.b.c.i.u.g.PublishedGradleVersions - Gradle version information cache is up-to-date. Trying to read.
2022-04-27 22:20:23,769 [Worker-1: Loading available Gradle versions] INFO  o.e.b.c.i.u.g.PublishedGradleVersions - Gradle version information cache is up-to-date. Trying to read.
2022-04-27 22:20:57,532 [Worker-0: Loading available Gradle versions] INFO  o.e.b.c.i.u.g.PublishedGradleVersions - Gradle version information cache is up-to-date. Trying to read.
2022-04-27 22:21:14,747 [Worker-0: Loading available Gradle versions] INFO  o.e.b.c.i.u.g.PublishedGradleVersions - Gradle version information cache is up-to-date. Trying to read.
2022-04-28 20:36:39,416 [Worker-0: Loading available Gradle versions] INFO  o.e.b.c.i.u.g.PublishedGradleVersions - Gradle version information cache is out-of-date. Trying to update.
2022-07-09 18:53:33,922 [Worker-0: Loading available Gradle versions] INFO  o.e.b.c.i.u.g.PublishedGradleVersions - Gradle version information cache is up-to-date. Trying to read.
2022-09-13 15:56:42,595 [Worker-1: Loading available Gradle versions] INFO  o.e.b.c.i.u.g.PublishedGradleVersions - Gradle version information cache is up-to-date. Trying to read.
2022-09-13 15:57:44,449 [Worker-0: Update Maven projects configuration] INFO  o.e.m.c.i.p.ProjectConfigurationManager - Update started
2022-09-13 15:57:47,518 [Worker-0: Update Maven projects configuration] INFO  o.e.m.c.i.l.LifecycleMappingFactory - Using org.eclipse.m2e.jdt.JarLifecycleMapping lifecycle mapping for MavenProject: com.mycompany.dealermngprj:DealerMngPrj:1.0-SNAPSHOT @ C:\Users\HOANGANH\Documents\FPT\Fall 2022\Lab211\LAB211_SET_FA2022\Phong_Lab_Assignment 1\DealerMngPrj\pom.xml.
2022-09-13 15:57:48,141 [Worker-7: Building] INFO  o.e.m.c.i.embedder.EclipseLogger - Using 'UTF-8' encoding to copy filtered resources.
2022-09-13 15:57:48,141 [Worker-7: Building] INFO  o.e.m.c.i.embedder.EclipseLogger - skip non existing resourceDirectory C:\Users\HOANGANH\Documents\FPT\Fall 2022\Lab211\LAB211_SET_FA2022\Phong_Lab_Assignment 1\DealerMngPrj\src\main\resources
2022-09-13 15:57:48,142 [Worker-7: Building] INFO  o.e.m.c.i.embedder.EclipseLogger - Using 'UTF-8' encoding to copy filtered resources.
2022-09-13 15:57:48,143 [Worker-7: Building] INFO  o.e.m.c.i.embedder.EclipseLogger - skip non existing resourceDirectory C:\Users\HOANGANH\Documents\FPT\Fall 2022\Lab211\LAB211_SET_FA2022\Phong_Lab_Assignment 1\DealerMngPrj\src\test\resources
2022-09-13 15:57:48,150 [Worker-0: Update Maven projects configuration] INFO  o.e.m.j.i.AbstractJavaProjectConfigurator - Adding source folder /DealerMngPrj/src/main/java
2022-09-13 15:57:48,153 [Worker-0: Update Maven projects configuration] INFO  o.e.m.j.i.AbstractJavaProjectConfigurator - Adding source folder /DealerMngPrj/src/test/java
2022-09-13 15:57:48,301 [Worker-0: Update Maven projects configuration] INFO  o.e.m.c.i.p.ProjectConfigurationManager - Update completed: 3 sec
2022-09-13 15:57:48,589 [Worker-8: Building] INFO  o.e.m.c.i.embedder.EclipseLogger - Using 'UTF-8' encoding to copy filtered resources.
2022-09-13 15:57:48,589 [Worker-8: Building] INFO  o.e.m.c.i.embedder.EclipseLogger - skip non existing resourceDirectory C:\Users\HOANGANH\Documents\FPT\Fall 2022\Lab211\LAB211_SET_FA2022\Phong_Lab_Assignment 1\DealerMngPrj\src\main\resources
2022-09-13 15:57:48,590 [Worker-8: Building] INFO  o.e.m.c.i.embedder.EclipseLogger - Using 'UTF-8' encoding to copy filtered resources.
2022-09-13 15:57:48,590 [Worker-8: Building] INFO  o.e.m.c.i.embedder.EclipseLogger - skip non existing resourceDirectory C:\Users\HOANGANH\Documents\FPT\Fall 2022\Lab211\LAB211_SET_FA2022\Phong_Lab_Assignment 1\DealerMngPrj\src\test\resources
2022-09-22 21:43:43,406 [Worker-2: Loading available Gradle versions] INFO  o.e.b.c.i.u.g.PublishedGradleVersions - Gradle version information cache is out-of-date. Trying to update.
2022-12-23 14:55:47,723 [Worker-3: Loading available Gradle versions] INFO  o.e.b.c.i.u.g.PublishedGradleVersions - Gradle version information cache is up-to-date. Trying to read.
